2021-07-20 10:48:59.472  INFO 9304 --- [main] lavalink.server.Launcher                 : 

[32m       .  [31m _                  _ _       _    [32m__ _ _
[32m      /\\ [31m| | __ ___   ____ _| (_)_ __ | | __[32m\ \ \ \
[32m     ( ( )[31m| |/ _` \ \ / / _` | | | '_ \| |/ /[32m \ \ \ \
[32m      \\/ [31m| | (_| |\ V / (_| | | | | | |   < [32m  ) ) ) )
[32m       '  [31m|_|\__,_| \_/ \__,_|_|_|_| |_|_|\_\[32m / / / /
[0m    =========================================[32m/_/_/_/[0m

	Version:        3.3.2.5
	Build:          1222
	Build time:     11.04.2021 08:07:27 UTC
	Branch          master
	Commit:         7b914f2
	Commit time:    09.04.2021 17:14:27 UTC
	JVM:            11
	Lavaplayer      1.3.76

2021-07-20 10:48:59.720  INFO 9304 --- [main] lavalink.server.Launcher                 : Starting Launcher on vyom-PC with PID 9304 (C:\Users\Admin\atom_projects\new_discord_bot\Lavalink.jar started by Admin in C:\Users\Admin\atom_projects\new_discord_bot)
2021-07-20 10:48:59.729  INFO 9304 --- [main] lavalink.server.Launcher                 : No active profile set, falling back to default profiles: default
2021-07-20 10:48:59.882  WARN 9304 --- [background-preinit] o.s.h.c.j.Jackson2ObjectMapperBuilder    : For Jackson Kotlin classes support please add "com.fasterxml.jackson.module:jackson-module-kotlin" to the classpath
2021-07-20 10:49:01.903  WARN 9304 --- [main] io.undertow.websockets.jsr               : UT026010: Buffer pool was not set on WebSocketDeploymentInfo, the default pool will be used
2021-07-20 10:49:01.955  INFO 9304 --- [main] io.undertow.servlet                      : Initializing Spring embedded WebApplicationContext
2021-07-20 10:49:01.955  INFO 9304 --- [main] o.s.web.context.ContextLoader            : Root WebApplicationContext: initialization completed in 2120 ms
2021-07-20 10:49:02.832  WARN 9304 --- [main] l.server.config.SentryConfiguration      : Turning off sentry
2021-07-20 10:49:03.270  INFO 9304 --- [main] c.s.d.l.tools.GarbageCollectionMonitor   : GC monitoring enabled, reporting results every 2 minutes.
2021-07-20 10:49:03.537  INFO 9304 --- [main] lavalink.server.config.KoeConfiguration  : OS: Windows 10, Arch: amd64
2021-07-20 10:49:03.583  WARN 9304 --- [main] lavalink.server.config.KoeConfiguration  : This system and architecture appears to not support native audio sending! GC pauses may cause your bot to stutter during playback.
2021-07-20 10:49:04.065  INFO 9304 --- [main] o.s.s.concurrent.ThreadPoolTaskExecutor  : Initializing ExecutorService 'applicationTaskExecutor'
2021-07-20 10:49:04.660  INFO 9304 --- [main] org.xnio                                 : XNIO version 3.3.8.Final
2021-07-20 10:49:04.686  INFO 9304 --- [main] org.xnio.nio                             : XNIO NIO Implementation Version 3.3.8.Final
2021-07-20 10:49:04.776  INFO 9304 --- [main] o.s.b.w.e.u.UndertowServletWebServer     : Undertow started on port(s) 2333 (http) with context path ''
2021-07-20 10:49:04.787  INFO 9304 --- [main] lavalink.server.Launcher                 : Started Launcher in 6.465 seconds (JVM running for 7.524)
2021-07-20 10:49:04.795  INFO 9304 --- [main] lavalink.server.Launcher                 : You can safely ignore the big red warning about illegal reflection. See https://github.com/Frederikam/Lavalink/issues/295
2021-07-20 10:49:11.130  INFO 9304 --- [XNIO-1 task-1] io.undertow.servlet                      : Initializing Spring DispatcherServlet 'dispatcherServlet'
2021-07-20 10:49:11.131  INFO 9304 --- [XNIO-1 task-1] o.s.web.servlet.DispatcherServlet        : Initializing Servlet 'dispatcherServlet'
2021-07-20 10:49:11.148  INFO 9304 --- [XNIO-1 task-1] o.s.web.servlet.DispatcherServlet        : Completed initialization in 8 ms
2021-07-20 10:49:11.178  INFO 9304 --- [XNIO-1 task-1] l.server.io.HandshakeInterceptorImpl     : Incoming connection from /127.0.0.1:49351
2021-07-20 10:49:11.249  INFO 9304 --- [XNIO-1 task-1] lavalink.server.io.SocketServer          : Connection successfully established from /127.0.0.1:49351
2021-07-20 10:51:14.005  INFO 9304 --- [XNIO-1 task-2] l.server.player.AudioLoaderRestHandler   : Got request to load for identifier "https://music.youtube.com/playlist?list=PLp1k3CTZq7Bvff70ClUcRDaFzU7Jt4jzH&feature=share"
2021-07-20 10:51:14.593  INFO 9304 --- [XNIO-1 I/O-3] lavalink.server.io.SocketServer          : {"op": "voiceUpdate", "guildId": "765490568963948545", "sessionId": "14abcb7e96cb5d216f35a2171e5fb995", "event": {"token": "5fcd559ad0a942df", "guild_id": "765490568963948545", "endpoint": "india2399.discord.media:443"}}
2021-07-20 10:51:14.796  INFO 9304 --- [lava-daemon-pool-info-loader-2-thread-1] lavalink.server.player.AudioLoader       : Loaded playlist YAOSOBI
2021-07-20 10:51:15.391  INFO 9304 --- [XNIO-1 I/O-3] lavalink.server.io.SocketServer          : {"op": "volume", "guildId": "765490568963948545", "volume": 60}
2021-07-20 10:51:15.497  INFO 9304 --- [XNIO-1 I/O-3] lavalink.server.io.SocketServer          : {"op": "play", "guildId": "765490568963948545", "track": "QAAAcQIACEVwaWxvZ3VlAA9BeWFzZSAvIFlPQVNPQkkAAAAAAADHOAALa19aLW1BdmtDYk0AAQAraHR0cHM6Ly93d3cueW91dHViZS5jb20vd2F0Y2g/dj1rX1otbUF2a0NiTQAHeW91dHViZQAAAAAAAAAA", "noReplace": false, "startTime": "0"}
2021-07-20 10:51:17.384  INFO 9304 --- [lava-daemon-pool-playback-1-thread-1] c.s.l.c.natives.NativeLibraryLoader      : Native library libmpg123-0: loading with filter com.sedmelluq.discord.lavaplayer.natives.ConnectorNativeLibLoader$$Lambda$538/0x00000001007df440@a7ec59f
2021-07-20 10:51:17.422  INFO 9304 --- [lava-daemon-pool-playback-1-thread-1] c.s.l.c.natives.NativeLibraryLoader      : Native library libmpg123-0: successfully loaded.
2021-07-20 10:51:17.423  INFO 9304 --- [lava-daemon-pool-playback-1-thread-1] c.s.l.c.natives.NativeLibraryLoader      : Native library connector: loading with filter null
2021-07-20 10:51:17.501  INFO 9304 --- [lava-daemon-pool-playback-1-thread-1] c.s.l.c.natives.NativeLibraryLoader      : Native library connector: successfully loaded.
2021-07-20 10:51:28.180  INFO 9304 --- [XNIO-1 I/O-3] lavalink.server.io.SocketServer          : {"op": "stop", "guildId": "765490568963948545"}
2021-07-20 10:51:28.182  INFO 9304 --- [XNIO-1 I/O-3] lavalink.server.io.SocketServer          : {"op": "stop", "guildId": "765490568963948545"}
2021-07-20 10:51:28.186  INFO 9304 --- [XNIO-1 I/O-3] lavalink.server.io.SocketServer          : {"op": "destroy", "guildId": "765490568963948545"}
2021-07-20 10:51:46.367  INFO 9304 --- [XNIO-1 I/O-3] lavalink.server.io.SocketServer          : Connection closed from /127.0.0.1:49351 -- CloseStatus[code=1006, reason=]
2021-07-20 10:51:46.368  INFO 9304 --- [XNIO-1 I/O-3] lavalink.server.io.SocketContext         : Shutting down 0 playing players.
2021-07-20 10:51:54.598  INFO 9304 --- [XNIO-1 task-4] l.server.io.HandshakeInterceptorImpl     : Incoming connection from /127.0.0.1:54492
2021-07-20 10:51:54.602  INFO 9304 --- [XNIO-1 task-4] lavalink.server.io.SocketServer          : Connection successfully established from /127.0.0.1:54492
2021-07-20 10:51:58.211  INFO 9304 --- [XNIO-1 task-5] l.server.player.AudioLoaderRestHandler   : Got request to load for identifier "https://music.youtube.com/playlist?list=PLp1k3CTZq7Bvff70ClUcRDaFzU7Jt4jzH&feature=share"
2021-07-20 10:51:58.496  INFO 9304 --- [lava-daemon-pool-info-loader-2-thread-1] lavalink.server.player.AudioLoader       : Loaded playlist YAOSOBI
2021-07-20 10:51:58.818  INFO 9304 --- [XNIO-1 I/O-4] lavalink.server.io.SocketServer          : {"op": "voiceUpdate", "guildId": "765490568963948545", "sessionId": "940308a15936df66f0d3c1b5c970b108", "event": {"token": "2dd5b77876a6356b", "guild_id": "765490568963948545", "endpoint": "india2399.discord.media:443"}}
2021-07-20 10:51:59.085  INFO 9304 --- [XNIO-1 I/O-4] lavalink.server.io.SocketServer          : {"op": "volume", "guildId": "765490568963948545", "volume": 60}
2021-07-20 10:51:59.206  INFO 9304 --- [XNIO-1 I/O-4] lavalink.server.io.SocketServer          : {"op": "play", "guildId": "765490568963948545", "track": "QAAAcQIACEVwaWxvZ3VlAA9BeWFzZSAvIFlPQVNPQkkAAAAAAADHOAALa19aLW1BdmtDYk0AAQAraHR0cHM6Ly93d3cueW91dHViZS5jb20vd2F0Y2g/dj1rX1otbUF2a0NiTQAHeW91dHViZQAAAAAAAAAA", "noReplace": false, "startTime": "0"}
2021-07-20 10:52:10.674  INFO 9304 --- [XNIO-1 I/O-4] lavalink.server.io.SocketServer          : {"op": "pause", "guildId": "765490568963948545", "pause": true}
2021-07-20 10:57:53.593  INFO 9304 --- [XNIO-1 I/O-4] lavalink.server.io.SocketServer          : {"op": "stop", "guildId": "765490568963948545"}
2021-07-20 10:57:53.595  INFO 9304 --- [XNIO-1 I/O-4] lavalink.server.io.SocketServer          : {"op": "stop", "guildId": "765490568963948545"}
2021-07-20 10:57:53.598  INFO 9304 --- [XNIO-1 I/O-4] lavalink.server.io.SocketServer          : {"op": "destroy", "guildId": "765490568963948545"}
2021-07-20 11:06:33.184  INFO 9304 --- [XNIO-1 I/O-4] lavalink.server.io.SocketServer          : Connection closed from /127.0.0.1:54492 -- CloseStatus[code=1006, reason=]
2021-07-20 11:06:33.185  INFO 9304 --- [XNIO-1 I/O-4] lavalink.server.io.SocketContext         : Shutting down 0 playing players.
2021-07-20 11:06:41.596  INFO 9304 --- [XNIO-1 task-7] l.server.io.HandshakeInterceptorImpl     : Incoming connection from /127.0.0.1:50351
2021-07-20 11:06:41.604  INFO 9304 --- [XNIO-1 task-7] lavalink.server.io.SocketServer          : Connection successfully established from /127.0.0.1:50351
2021-07-20 11:06:52.305  INFO 9304 --- [XNIO-1 task-8] l.server.player.AudioLoaderRestHandler   : Got request to load for identifier "ytsearch:some song"
2021-07-20 11:06:53.414  INFO 9304 --- [lava-daemon-pool-info-loader-2-thread-1] lavalink.server.player.AudioLoader       : Loaded playlist Search results for: some song
2021-07-20 11:06:53.605  INFO 9304 --- [XNIO-1 I/O-3] lavalink.server.io.SocketServer          : {"op": "voiceUpdate", "guildId": "765490568963948545", "sessionId": "65b020b9f0d364d931beaa1b644c8b8e", "event": {"token": "a45f1455d3809b70", "guild_id": "765490568963948545", "endpoint": "india2399.discord.media:443"}}
2021-07-20 11:07:31.280  INFO 9304 --- [XNIO-1 I/O-3] lavalink.server.io.SocketServer          : Connection closed from /127.0.0.1:50351 -- CloseStatus[code=1006, reason=]
2021-07-20 11:07:31.286  INFO 9304 --- [XNIO-1 I/O-3] lavalink.server.io.SocketContext         : Shutting down 0 playing players.
2021-07-20 11:07:43.819  INFO 9304 --- [XNIO-1 task-10] l.server.io.HandshakeInterceptorImpl     : Incoming connection from /127.0.0.1:50370
2021-07-20 11:07:43.830  INFO 9304 --- [XNIO-1 task-10] lavalink.server.io.SocketServer          : Connection successfully established from /127.0.0.1:50370
2021-07-20 11:07:49.821  INFO 9304 --- [XNIO-1 task-11] l.server.player.AudioLoaderRestHandler   : Got request to load for identifier "ytsearch:some song"
2021-07-20 11:07:50.430  INFO 9304 --- [XNIO-1 I/O-2] lavalink.server.io.SocketServer          : {"op": "voiceUpdate", "guildId": "765490568963948545", "sessionId": "00b92f772d217476844401a0c7ade89c", "event": {"token": "a45f1455d3809b70", "guild_id": "765490568963948545", "endpoint": "india2399.discord.media:443"}}
2021-07-20 11:07:50.650  INFO 9304 --- [lava-daemon-pool-info-loader-2-thread-1] lavalink.server.player.AudioLoader       : Loaded playlist Search results for: some song
2021-07-20 11:07:51.252  INFO 9304 --- [XNIO-1 I/O-2] lavalink.server.io.SocketServer          : {"op": "volume", "guildId": "765490568963948545", "volume": 60}
2021-07-20 11:07:51.380  INFO 9304 --- [XNIO-1 I/O-2] lavalink.server.io.SocketServer          : {"op": "play", "guildId": "765490568963948545", "track": "QAAAoQIAM1tNVl0gQk9MNCjrs7zruajqsITsgqzstpjquLApIF8gU29tZSjsjbgg7YOI6rq87JW8KQAUMXRoZUsgKOybkOuNlOy8gOydtCkAAAAAAALaeAALaFptb015RlhEb0kAAQAraHR0cHM6Ly93d3cueW91dHViZS5jb20vd2F0Y2g/dj1oWm1vTXlGWERvSQAHeW91dHViZQAAAAAAAAAA", "noReplace": false, "startTime": "0"}
2021-07-20 11:07:57.928  INFO 9304 --- [XNIO-1 I/O-2] lavalink.server.io.SocketServer          : Connection closed from /127.0.0.1:50370 -- CloseStatus[code=1006, reason=]
2021-07-20 11:07:57.929  INFO 9304 --- [XNIO-1 I/O-2] lavalink.server.io.SocketContext         : Shutting down 1 playing players.
2021-07-20 11:09:18.729  INFO 9304 --- [XNIO-1 task-13] l.server.io.HandshakeInterceptorImpl     : Incoming connection from /127.0.0.1:64407
2021-07-20 11:09:18.734  INFO 9304 --- [XNIO-1 task-13] lavalink.server.io.SocketServer          : Connection successfully established from /127.0.0.1:64407
2021-07-20 11:09:24.948  INFO 9304 --- [XNIO-1 I/O-3] lavalink.server.io.SocketServer          : {"op": "voiceUpdate", "guildId": "765490568963948545", "sessionId": "e61694bb1ecd42d9abb78544bb5ae05d", "event": {"token": "a45f1455d3809b70", "guild_id": "765490568963948545", "endpoint": "india2399.discord.media:443"}}
2021-07-20 11:11:44.389  INFO 9304 --- [XNIO-1 I/O-3] lavalink.server.io.SocketServer          : Connection closed from /127.0.0.1:64407 -- CloseStatus[code=1006, reason=]
2021-07-20 11:11:44.389  INFO 9304 --- [XNIO-1 I/O-3] lavalink.server.io.SocketContext         : Shutting down 0 playing players.
2021-07-20 11:11:52.424  INFO 9304 --- [XNIO-1 task-14] l.server.io.HandshakeInterceptorImpl     : Incoming connection from /127.0.0.1:64123
2021-07-20 11:11:52.433  INFO 9304 --- [XNIO-1 task-14] lavalink.server.io.SocketServer          : Connection successfully established from /127.0.0.1:64123
2021-07-20 11:12:08.526  INFO 9304 --- [XNIO-1 task-15] l.server.player.AudioLoaderRestHandler   : Got request to load for identifier "scsearch:https://open.spotify.com/track/4a7PpWQhMWEIePrVZuOUhj?si=fc5063a252554fd2"
2021-07-20 11:12:08.543  INFO 9304 --- [lava-daemon-pool-info-loader-2-thread-1] c.s.d.l.s.s.SoundCloudClientIdTracker    : Updating SoundCloud client ID (current is null).
2021-07-20 11:12:09.446  INFO 9304 --- [XNIO-1 I/O-3] lavalink.server.io.SocketServer          : {"op": "voiceUpdate", "guildId": "765490568963948545", "sessionId": "57cbb4e787ec4fa532be4fabd528bb5e", "event": {"token": "a45f1455d3809b70", "guild_id": "765490568963948545", "endpoint": "india2399.discord.media:443"}}
2021-07-20 11:12:09.582 ERROR 9304 --- [lava-daemon-pool-info-loader-2-thread-1] c.s.d.l.s.s.SoundCloudClientIdTracker    : SoundCloud client ID update failed.

java.lang.IllegalStateException: Could not find client ID from application script.
	at com.sedmelluq.discord.lavaplayer.source.soundcloud.SoundCloudClientIdTracker.findClientIdFromApplicationScript(SoundCloudClientIdTracker.java:116) ~[lavaplayer-1.3.76.jar!/:na]
	at com.sedmelluq.discord.lavaplayer.source.soundcloud.SoundCloudClientIdTracker.findClientIdFromSite(SoundCloudClientIdTracker.java:79) ~[lavaplayer-1.3.76.jar!/:na]
	at com.sedmelluq.discord.lavaplayer.source.soundcloud.SoundCloudClientIdTracker.updateClientId(SoundCloudClientIdTracker.java:52) ~[lavaplayer-1.3.76.jar!/:na]
	at com.sedmelluq.discord.lavaplayer.source.soundcloud.SoundCloudClientIdTracker.getClientId(SoundCloudClientIdTracker.java:63) ~[lavaplayer-1.3.76.jar!/:na]
	at com.sedmelluq.discord.lavaplayer.source.soundcloud.SoundCloudHttpContextFilter.onRequest(SoundCloudHttpContextFilter.java:47) ~[lavaplayer-1.3.76.jar!/:na]
	at com.sedmelluq.discord.lavaplayer.tools.http.SettableHttpRequestFilter.onRequest(SettableHttpRequestFilter.java:41) ~[lavaplayer-1.3.76.jar!/:na]
	at com.sedmelluq.discord.lavaplayer.tools.io.HttpInterface.execute(HttpInterface.java:69) ~[lavaplayer-1.3.76.jar!/:na]
	at com.sedmelluq.discord.lavaplayer.source.soundcloud.SoundCloudAudioSourceManager.loadSearchResult(SoundCloudAudioSourceManager.java:306) ~[lavaplayer-1.3.76.jar!/:na]
	at com.sedmelluq.discord.lavaplayer.source.soundcloud.SoundCloudAudioSourceManager.processAsSearchQuery(SoundCloudAudioSourceManager.java:288) ~[lavaplayer-1.3.76.jar!/:na]
	at com.sedmelluq.discord.lavaplayer.source.soundcloud.SoundCloudAudioSourceManager.loadItem(SoundCloudAudioSourceManager.java:127) ~[lavaplayer-1.3.76.jar!/:na]
	at com.sedmelluq.discord.lavaplayer.player.DefaultAudioPlayerManager.checkSourcesForItemOnce(DefaultAudioPlayerManager.java:436) ~[lavaplayer-1.3.76.jar!/:na]
	at com.sedmelluq.discord.lavaplayer.player.DefaultAudioPlayerManager.checkSourcesForItem(DefaultAudioPlayerManager.java:418) ~[lavaplayer-1.3.76.jar!/:na]
	at com.sedmelluq.discord.lavaplayer.player.DefaultAudioPlayerManager.lambda$createItemLoader$0(DefaultAudioPlayerManager.java:217) ~[lavaplayer-1.3.76.jar!/:na]
	at java.base/java.util.concurrent.FutureTask.run(FutureTask.java:264) ~[na:na]
	at java.base/java.util.concurrent.ThreadPoolExecutor.runWorker(ThreadPoolExecutor.java:1128) ~[na:na]
	at java.base/java.util.concurrent.ThreadPoolExecutor$Worker.run(ThreadPoolExecutor.java:628) ~[na:na]
	at java.base/java.lang.Thread.run(Thread.java:834) ~[na:na]

2021-07-20 11:12:10.862  INFO 9304 --- [lava-daemon-pool-info-loader-2-thread-1] lavalink.server.player.AudioLoader       : Loaded playlist Search results for: https://open.spotify.com/track/4a7PpWQhMWEIePrVZuOUhj?si=fc5063a252554fd2
2021-07-20 11:14:50.406  INFO 9304 --- [XNIO-1 I/O-3] lavalink.server.io.SocketServer          : Connection closed from /127.0.0.1:64123 -- CloseStatus[code=1006, reason=]
2021-07-20 11:14:50.409  INFO 9304 --- [XNIO-1 I/O-3] lavalink.server.io.SocketContext         : Shutting down 0 playing players.
2021-07-20 11:14:58.594  INFO 9304 --- [XNIO-1 task-17] l.server.io.HandshakeInterceptorImpl     : Incoming connection from /127.0.0.1:62844
2021-07-20 11:14:58.599  INFO 9304 --- [XNIO-1 task-17] lavalink.server.io.SocketServer          : Connection successfully established from /127.0.0.1:62844
2021-07-20 11:15:06.964  INFO 9304 --- [XNIO-1 I/O-4] lavalink.server.io.SocketServer          : {"op": "voiceUpdate", "guildId": "765490568963948545", "sessionId": "e0353ad5802f9a8ce1a4cb0935983200", "event": {"token": "a45f1455d3809b70", "guild_id": "765490568963948545", "endpoint": "india2399.discord.media:443"}}
2021-07-20 11:15:58.214  INFO 9304 --- [XNIO-1 I/O-4] lavalink.server.io.SocketServer          : Connection closed from /127.0.0.1:62844 -- CloseStatus[code=1006, reason=]
2021-07-20 11:15:58.215  INFO 9304 --- [XNIO-1 I/O-4] lavalink.server.io.SocketContext         : Shutting down 0 playing players.
2021-07-20 11:16:06.552  INFO 9304 --- [XNIO-1 task-18] l.server.io.HandshakeInterceptorImpl     : Incoming connection from /127.0.0.1:62859
2021-07-20 11:16:06.557  INFO 9304 --- [XNIO-1 task-18] lavalink.server.io.SocketServer          : Connection successfully established from /127.0.0.1:62859
2021-07-20 11:16:12.588  INFO 9304 --- [XNIO-1 task-19] l.server.player.AudioLoaderRestHandler   : Got request to load for identifier "scsearch:ICHIDAIJI"
2021-07-20 11:16:12.933  INFO 9304 --- [lava-daemon-pool-info-loader-2-thread-1] lavalink.server.player.AudioLoader       : Loaded playlist Search results for: ICHIDAIJI
2021-07-20 11:16:13.539  INFO 9304 --- [XNIO-1 I/O-3] lavalink.server.io.SocketServer          : {"op": "voiceUpdate", "guildId": "765490568963948545", "sessionId": "f2aeded550f7e17afa635156f40b5b97", "event": {"token": "a45f1455d3809b70", "guild_id": "765490568963948545", "endpoint": "india2399.discord.media:443"}}
2021-07-20 11:16:27.419  INFO 9304 --- [XNIO-1 I/O-3] lavalink.server.io.SocketServer          : Connection closed from /127.0.0.1:62859 -- CloseStatus[code=1006, reason=]
2021-07-20 11:16:27.420  INFO 9304 --- [XNIO-1 I/O-3] lavalink.server.io.SocketContext         : Shutting down 0 playing players.
2021-07-20 11:17:43.274  INFO 9304 --- [XNIO-1 task-21] l.server.io.HandshakeInterceptorImpl     : Incoming connection from /127.0.0.1:62886
2021-07-20 11:17:43.279  INFO 9304 --- [XNIO-1 task-21] lavalink.server.io.SocketServer          : Connection successfully established from /127.0.0.1:62886
2021-07-20 11:17:58.370  INFO 9304 --- [XNIO-1 task-22] l.server.player.AudioLoaderRestHandler   : Got request to load for identifier "scsearch:ICHIDAIJI"
2021-07-20 11:17:58.690  INFO 9304 --- [lava-daemon-pool-info-loader-2-thread-1] lavalink.server.player.AudioLoader       : Loaded playlist Search results for: ICHIDAIJI
2021-07-20 11:17:59.340  INFO 9304 --- [XNIO-1 I/O-2] lavalink.server.io.SocketServer          : {"op": "voiceUpdate", "guildId": "765490568963948545", "sessionId": "814828f5e7f3c4b7d05d26b8dfb8b12f", "event": {"token": "a45f1455d3809b70", "guild_id": "765490568963948545", "endpoint": "india2399.discord.media:443"}}
2021-07-20 11:17:59.347  INFO 9304 --- [XNIO-1 I/O-2] lavalink.server.io.SocketServer          : {"op": "volume", "guildId": "765490568963948545", "volume": 60}
2021-07-20 11:19:08.157  INFO 2904 --- [main] lavalink.server.Launcher                 : 

[32m       .  [31m _                  _ _       _    [32m__ _ _
[32m      /\\ [31m| | __ ___   ____ _| (_)_ __ | | __[32m\ \ \ \
[32m     ( ( )[31m| |/ _` \ \ / / _` | | | '_ \| |/ /[32m \ \ \ \
[32m      \\/ [31m| | (_| |\ V / (_| | | | | | |   < [32m  ) ) ) )
[32m       '  [31m|_|\__,_| \_/ \__,_|_|_|_| |_|_|\_\[32m / / / /
[0m    =========================================[32m/_/_/_/[0m

	Version:        3.3.2.5
	Build:          1222
	Build time:     11.04.2021 08:07:27 UTC
	Branch          master
	Commit:         7b914f2
	Commit time:    09.04.2021 17:14:27 UTC
	JVM:            11
	Lavaplayer      1.3.76

2021-07-20 11:19:08.318  INFO 2904 --- [main] lavalink.server.Launcher                 : Starting Launcher on vyom-PC with PID 2904 (C:\Users\Admin\atom_projects\new_discord_bot\Lavalink.jar started by Admin in C:\Users\Admin\atom_projects\new_discord_bot)
2021-07-20 11:19:08.319  INFO 2904 --- [main] lavalink.server.Launcher                 : No active profile set, falling back to default profiles: default
2021-07-20 11:19:08.484  WARN 2904 --- [background-preinit] o.s.h.c.j.Jackson2ObjectMapperBuilder    : For Jackson Kotlin classes support please add "com.fasterxml.jackson.module:jackson-module-kotlin" to the classpath
2021-07-20 11:19:10.186  WARN 2904 --- [main] io.undertow.websockets.jsr               : UT026010: Buffer pool was not set on WebSocketDeploymentInfo, the default pool will be used
2021-07-20 11:19:10.223  INFO 2904 --- [main] io.undertow.servlet                      : Initializing Spring embedded WebApplicationContext
2021-07-20 11:19:10.225  INFO 2904 --- [main] o.s.web.context.ContextLoader            : Root WebApplicationContext: initialization completed in 1829 ms
2021-07-20 11:19:10.705  WARN 2904 --- [main] l.server.config.SentryConfiguration      : Turning off sentry
2021-07-20 11:19:11.094  INFO 2904 --- [main] c.s.d.l.tools.GarbageCollectionMonitor   : GC monitoring enabled, reporting results every 2 minutes.
2021-07-20 11:19:11.340  INFO 2904 --- [main] lavalink.server.config.KoeConfiguration  : OS: Windows 10, Arch: amd64
2021-07-20 11:19:11.341  WARN 2904 --- [main] lavalink.server.config.KoeConfiguration  : This system and architecture appears to not support native audio sending! GC pauses may cause your bot to stutter during playback.
2021-07-20 11:19:11.715  INFO 2904 --- [main] o.s.s.concurrent.ThreadPoolTaskExecutor  : Initializing ExecutorService 'applicationTaskExecutor'
2021-07-20 11:19:12.332  INFO 2904 --- [main] org.xnio                                 : XNIO version 3.3.8.Final
2021-07-20 11:19:12.357  INFO 2904 --- [main] org.xnio.nio                             : XNIO NIO Implementation Version 3.3.8.Final
2021-07-20 11:19:12.429  INFO 2904 --- [main] o.s.b.w.e.u.UndertowServletWebServer     : Undertow started on port(s) 2333 (http) with context path ''
2021-07-20 11:19:12.435  INFO 2904 --- [main] lavalink.server.Launcher                 : Started Launcher in 5.104 seconds (JVM running for 5.809)
2021-07-20 11:19:12.440  INFO 2904 --- [main] lavalink.server.Launcher                 : You can safely ignore the big red warning about illegal reflection. See https://github.com/Frederikam/Lavalink/issues/295
2021-07-20 11:19:18.945  INFO 2904 --- [XNIO-1 task-1] io.undertow.servlet                      : Initializing Spring DispatcherServlet 'dispatcherServlet'
2021-07-20 11:19:18.945  INFO 2904 --- [XNIO-1 task-1] o.s.web.servlet.DispatcherServlet        : Initializing Servlet 'dispatcherServlet'
2021-07-20 11:19:18.955  INFO 2904 --- [XNIO-1 task-1] o.s.web.servlet.DispatcherServlet        : Completed initialization in 8 ms
2021-07-20 11:19:18.981  INFO 2904 --- [XNIO-1 task-1] l.server.io.HandshakeInterceptorImpl     : Incoming connection from /127.0.0.1:57573
2021-07-20 11:19:19.053  INFO 2904 --- [XNIO-1 task-1] lavalink.server.io.SocketServer          : Connection successfully established from /127.0.0.1:57573
2021-07-20 11:19:26.802  INFO 2904 --- [XNIO-1 task-2] l.server.player.AudioLoaderRestHandler   : Got request to load for identifier "scsearch:Hope"
2021-07-20 11:19:27.073  INFO 2904 --- [lava-daemon-pool-info-loader-2-thread-1] c.s.d.l.s.s.SoundCloudClientIdTracker    : Updating SoundCloud client ID (current is null).
2021-07-20 11:19:27.078  INFO 2904 --- [XNIO-1 I/O-1] lavalink.server.io.SocketServer          : {"op": "voiceUpdate", "guildId": "765490568963948545", "sessionId": "e5e60c2f6d36aa56edbae20a970c3c6c", "event": {"token": "a45f1455d3809b70", "guild_id": "765490568963948545", "endpoint": "india2399.discord.media:443"}}
2021-07-20 11:19:27.799 ERROR 2904 --- [lava-daemon-pool-info-loader-2-thread-1] c.s.d.l.s.s.SoundCloudClientIdTracker    : SoundCloud client ID update failed.

java.lang.IllegalStateException: Could not find client ID from application script.
	at com.sedmelluq.discord.lavaplayer.source.soundcloud.SoundCloudClientIdTracker.findClientIdFromApplicationScript(SoundCloudClientIdTracker.java:116) ~[lavaplayer-1.3.76.jar!/:na]
	at com.sedmelluq.discord.lavaplayer.source.soundcloud.SoundCloudClientIdTracker.findClientIdFromSite(SoundCloudClientIdTracker.java:79) ~[lavaplayer-1.3.76.jar!/:na]
	at com.sedmelluq.discord.lavaplayer.source.soundcloud.SoundCloudClientIdTracker.updateClientId(SoundCloudClientIdTracker.java:52) ~[lavaplayer-1.3.76.jar!/:na]
	at com.sedmelluq.discord.lavaplayer.source.soundcloud.SoundCloudClientIdTracker.getClientId(SoundCloudClientIdTracker.java:63) ~[lavaplayer-1.3.76.jar!/:na]
	at com.sedmelluq.discord.lavaplayer.source.soundcloud.SoundCloudHttpContextFilter.onRequest(SoundCloudHttpContextFilter.java:47) ~[lavaplayer-1.3.76.jar!/:na]
	at com.sedmelluq.discord.lavaplayer.tools.http.SettableHttpRequestFilter.onRequest(SettableHttpRequestFilter.java:41) ~[lavaplayer-1.3.76.jar!/:na]
	at com.sedmelluq.discord.lavaplayer.tools.io.HttpInterface.execute(HttpInterface.java:69) ~[lavaplayer-1.3.76.jar!/:na]
	at com.sedmelluq.discord.lavaplayer.source.soundcloud.SoundCloudAudioSourceManager.loadSearchResult(SoundCloudAudioSourceManager.java:306) ~[lavaplayer-1.3.76.jar!/:na]
	at com.sedmelluq.discord.lavaplayer.source.soundcloud.SoundCloudAudioSourceManager.processAsSearchQuery(SoundCloudAudioSourceManager.java:288) ~[lavaplayer-1.3.76.jar!/:na]
	at com.sedmelluq.discord.lavaplayer.source.soundcloud.SoundCloudAudioSourceManager.loadItem(SoundCloudAudioSourceManager.java:127) ~[lavaplayer-1.3.76.jar!/:na]
	at com.sedmelluq.discord.lavaplayer.player.DefaultAudioPlayerManager.checkSourcesForItemOnce(DefaultAudioPlayerManager.java:436) ~[lavaplayer-1.3.76.jar!/:na]
	at com.sedmelluq.discord.lavaplayer.player.DefaultAudioPlayerManager.checkSourcesForItem(DefaultAudioPlayerManager.java:418) ~[lavaplayer-1.3.76.jar!/:na]
	at com.sedmelluq.discord.lavaplayer.player.DefaultAudioPlayerManager.lambda$createItemLoader$0(DefaultAudioPlayerManager.java:217) ~[lavaplayer-1.3.76.jar!/:na]
	at java.base/java.util.concurrent.FutureTask.run(FutureTask.java:264) ~[na:na]
	at java.base/java.util.concurrent.ThreadPoolExecutor.runWorker(ThreadPoolExecutor.java:1128) ~[na:na]
	at java.base/java.util.concurrent.ThreadPoolExecutor$Worker.run(ThreadPoolExecutor.java:628) ~[na:na]
	at java.base/java.lang.Thread.run(Thread.java:834) ~[na:na]

2021-07-20 11:19:28.195  INFO 2904 --- [lava-daemon-pool-info-loader-2-thread-1] lavalink.server.player.AudioLoader       : Loaded playlist Search results for: Hope
2021-07-20 11:19:28.770  INFO 2904 --- [XNIO-1 I/O-1] lavalink.server.io.SocketServer          : {"op": "volume", "guildId": "765490568963948545", "volume": 60}
2021-07-20 11:20:29.586  INFO 2624 --- [main] lavalink.server.Launcher                 : 

[32m       .  [31m _                  _ _       _    [32m__ _ _
[32m      /\\ [31m| | __ ___   ____ _| (_)_ __ | | __[32m\ \ \ \
[32m     ( ( )[31m| |/ _` \ \ / / _` | | | '_ \| |/ /[32m \ \ \ \
[32m      \\/ [31m| | (_| |\ V / (_| | | | | | |   < [32m  ) ) ) )
[32m       '  [31m|_|\__,_| \_/ \__,_|_|_|_| |_|_|\_\[32m / / / /
[0m    =========================================[32m/_/_/_/[0m

	Version:        3.3.2.5
	Build:          1222
	Build time:     11.04.2021 08:07:27 UTC
	Branch          master
	Commit:         7b914f2
	Commit time:    09.04.2021 17:14:27 UTC
	JVM:            11
	Lavaplayer      1.3.76

2021-07-20 11:20:29.738  INFO 2624 --- [main] lavalink.server.Launcher                 : Starting Launcher on vyom-PC with PID 2624 (C:\Users\Admin\atom_projects\new_discord_bot\Lavalink.jar started by Admin in C:\Users\Admin\atom_projects\new_discord_bot)
2021-07-20 11:20:29.740  INFO 2624 --- [main] lavalink.server.Launcher                 : No active profile set, falling back to default profiles: default
2021-07-20 11:20:29.980  WARN 2624 --- [background-preinit] o.s.h.c.j.Jackson2ObjectMapperBuilder    : For Jackson Kotlin classes support please add "com.fasterxml.jackson.module:jackson-module-kotlin" to the classpath
2021-07-20 11:20:31.645  WARN 2624 --- [main] io.undertow.websockets.jsr               : UT026010: Buffer pool was not set on WebSocketDeploymentInfo, the default pool will be used
2021-07-20 11:20:31.697  INFO 2624 --- [main] io.undertow.servlet                      : Initializing Spring embedded WebApplicationContext
2021-07-20 11:20:31.700  INFO 2624 --- [main] o.s.web.context.ContextLoader            : Root WebApplicationContext: initialization completed in 1858 ms
2021-07-20 11:20:32.224  WARN 2624 --- [main] l.server.config.SentryConfiguration      : Turning off sentry
2021-07-20 11:20:32.602  INFO 2624 --- [main] c.s.d.l.tools.GarbageCollectionMonitor   : GC monitoring enabled, reporting results every 2 minutes.
2021-07-20 11:20:32.831  INFO 2624 --- [main] lavalink.server.config.KoeConfiguration  : OS: Windows 10, Arch: amd64
2021-07-20 11:20:32.832  WARN 2624 --- [main] lavalink.server.config.KoeConfiguration  : This system and architecture appears to not support native audio sending! GC pauses may cause your bot to stutter during playback.
2021-07-20 11:20:33.198  INFO 2624 --- [main] o.s.s.concurrent.ThreadPoolTaskExecutor  : Initializing ExecutorService 'applicationTaskExecutor'
2021-07-20 11:20:33.546  INFO 2624 --- [main] org.xnio                                 : XNIO version 3.3.8.Final
2021-07-20 11:20:33.570  INFO 2624 --- [main] org.xnio.nio                             : XNIO NIO Implementation Version 3.3.8.Final
2021-07-20 11:20:33.664  INFO 2624 --- [main] o.s.b.w.e.u.UndertowServletWebServer     : Undertow started on port(s) 2333 (http) with context path ''
2021-07-20 11:20:33.677  INFO 2624 --- [main] lavalink.server.Launcher                 : Started Launcher in 4.939 seconds (JVM running for 5.715)
2021-07-20 11:20:33.680  INFO 2624 --- [main] lavalink.server.Launcher                 : You can safely ignore the big red warning about illegal reflection. See https://github.com/Frederikam/Lavalink/issues/295
2021-07-20 11:20:43.577  INFO 2624 --- [XNIO-1 task-1] io.undertow.servlet                      : Initializing Spring DispatcherServlet 'dispatcherServlet'
2021-07-20 11:20:43.578  INFO 2624 --- [XNIO-1 task-1] o.s.web.servlet.DispatcherServlet        : Initializing Servlet 'dispatcherServlet'
2021-07-20 11:20:43.590  INFO 2624 --- [XNIO-1 task-1] o.s.web.servlet.DispatcherServlet        : Completed initialization in 10 ms
2021-07-20 11:20:43.618  INFO 2624 --- [XNIO-1 task-1] l.server.io.HandshakeInterceptorImpl     : Incoming connection from /127.0.0.1:57638
2021-07-20 11:20:43.689  INFO 2624 --- [XNIO-1 task-1] lavalink.server.io.SocketServer          : Connection successfully established from /127.0.0.1:57638
2021-07-20 11:20:53.396  INFO 2624 --- [XNIO-1 task-2] l.server.player.AudioLoaderRestHandler   : Got request to load for identifier "ytsearch:a song"
2021-07-20 11:20:54.684  INFO 2624 --- [XNIO-1 I/O-2] lavalink.server.io.SocketServer          : {"op": "voiceUpdate", "guildId": "765490568963948545", "sessionId": "419b8ffefb7c30921780870e6f830ceb", "event": {"token": "a45f1455d3809b70", "guild_id": "765490568963948545", "endpoint": "india2399.discord.media:443"}}
2021-07-20 11:20:55.122  INFO 2624 --- [lava-daemon-pool-info-loader-2-thread-1] lavalink.server.player.AudioLoader       : Loaded playlist Search results for: a song
2021-07-20 11:20:55.782  INFO 2624 --- [XNIO-1 I/O-2] lavalink.server.io.SocketServer          : {"op": "volume", "guildId": "765490568963948545", "volume": 60}
2021-07-20 11:20:55.883  INFO 2624 --- [XNIO-1 I/O-2] lavalink.server.io.SocketServer          : {"op": "play", "guildId": "765490568963948545", "track": "QAAAmgIAJlRoZSBMZXR0ZXIgQSBTb25nIC0gTGVhcm4gdGhlIEFscGhhYmV0ABpCb3VuY2UgUGF0cm9sIC0gS2lkcyBTb25ncwAAAAAAAewwAAtnc2I5OTlWU3ZoOAABACtodHRwczovL3d3dy55b3V0dWJlLmNvbS93YXRjaD92PWdzYjk5OVZTdmg4AAd5b3V0dWJlAAAAAAAAAAA=", "noReplace": false, "startTime": "0"}
2021-07-20 11:20:57.903  INFO 2624 --- [lava-daemon-pool-playback-1-thread-1] c.s.l.c.natives.NativeLibraryLoader      : Native library libmpg123-0: loading with filter com.sedmelluq.discord.lavaplayer.natives.ConnectorNativeLibLoader$$Lambda$534/0x0000000100798c40@fab24dc
2021-07-20 11:20:57.939  INFO 2624 --- [lava-daemon-pool-playback-1-thread-1] c.s.l.c.natives.NativeLibraryLoader      : Native library libmpg123-0: successfully loaded.
2021-07-20 11:20:57.940  INFO 2624 --- [lava-daemon-pool-playback-1-thread-1] c.s.l.c.natives.NativeLibraryLoader      : Native library connector: loading with filter null
2021-07-20 11:20:58.005  INFO 2624 --- [lava-daemon-pool-playback-1-thread-1] c.s.l.c.natives.NativeLibraryLoader      : Native library connector: successfully loaded.
2021-07-20 11:21:23.996  INFO 2624 --- [XNIO-1 I/O-2] lavalink.server.io.SocketServer          : Connection closed from /127.0.0.1:57638 -- CloseStatus[code=1006, reason=]
2021-07-20 11:21:23.997  INFO 2624 --- [XNIO-1 I/O-2] lavalink.server.io.SocketContext         : Shutting down 1 playing players.
2021-07-20 11:23:17.852  INFO 2624 --- [XNIO-1 task-4] l.server.io.HandshakeInterceptorImpl     : Incoming connection from /127.0.0.1:56967
2021-07-20 11:23:17.856  INFO 2624 --- [XNIO-1 task-4] lavalink.server.io.SocketServer          : Connection successfully established from /127.0.0.1:56967
2021-07-20 11:23:26.705  INFO 2624 --- [XNIO-1 I/O-3] lavalink.server.io.SocketServer          : {"op": "voiceUpdate", "guildId": "765490568963948545", "sessionId": "e7f9745fa26b585ee35ec1daaceb2f6a", "event": {"token": "c0c12a3fd66e151c", "guild_id": "765490568963948545", "endpoint": "india2399.discord.media:443"}}
2021-07-20 11:24:00.797  INFO 2624 --- [XNIO-1 I/O-3] lavalink.server.io.SocketServer          : Connection closed from /127.0.0.1:56967 -- CloseStatus[code=1006, reason=]
2021-07-20 11:24:00.798  INFO 2624 --- [XNIO-1 I/O-3] lavalink.server.io.SocketContext         : Shutting down 0 playing players.
2021-07-20 11:24:09.571  INFO 2624 --- [XNIO-1 task-5] l.server.io.HandshakeInterceptorImpl     : Incoming connection from /127.0.0.1:56981
2021-07-20 11:24:09.575  INFO 2624 --- [XNIO-1 task-5] lavalink.server.io.SocketServer          : Connection successfully established from /127.0.0.1:56981
2021-07-20 11:24:14.521  INFO 2624 --- [XNIO-1 I/O-1] lavalink.server.io.SocketServer          : {"op": "voiceUpdate", "guildId": "765490568963948545", "sessionId": "7ba75f6b8b663a566c3aa165ecaf6906", "event": {"token": "c0c12a3fd66e151c", "guild_id": "765490568963948545", "endpoint": "india2399.discord.media:443"}}
2021-07-20 11:26:34.429  INFO 2624 --- [XNIO-1 I/O-1] lavalink.server.io.SocketServer          : Connection closed from /127.0.0.1:56981 -- CloseStatus[code=1006, reason=]
2021-07-20 11:26:34.430  INFO 2624 --- [XNIO-1 I/O-1] lavalink.server.io.SocketContext         : Shutting down 0 playing players.
2021-07-20 11:26:37.184  INFO 2624 --- [XNIO-1 task-6] l.server.io.HandshakeInterceptorImpl     : Incoming connection from /127.0.0.1:62592
2021-07-20 11:26:37.190  INFO 2624 --- [XNIO-1 task-6] lavalink.server.io.SocketServer          : Connection successfully established from /127.0.0.1:62592
2021-07-20 11:26:46.004  INFO 2624 --- [XNIO-1 I/O-4] lavalink.server.io.SocketServer          : {"op": "voiceUpdate", "guildId": "765490568963948545", "sessionId": "3e5f5d6622b205fb9776d8623bdcf536", "event": {"token": "c0c12a3fd66e151c", "guild_id": "765490568963948545", "endpoint": "india2399.discord.media:443"}}
2021-07-20 11:27:40.986  INFO 2624 --- [XNIO-1 I/O-4] lavalink.server.io.SocketServer          : Connection closed from /127.0.0.1:62592 -- CloseStatus[code=1006, reason=]
2021-07-20 11:27:40.987  INFO 2624 --- [XNIO-1 I/O-4] lavalink.server.io.SocketContext         : Shutting down 0 playing players.
2021-07-20 11:28:23.590  INFO 2624 --- [XNIO-1 task-7] l.server.io.HandshakeInterceptorImpl     : Incoming connection from /127.0.0.1:62920
2021-07-20 11:28:23.594  INFO 2624 --- [XNIO-1 task-7] lavalink.server.io.SocketServer          : Connection successfully established from /127.0.0.1:62920
2021-07-20 11:28:27.502  INFO 2624 --- [XNIO-1 task-8] l.server.player.AudioLoaderRestHandler   : Got request to load for identifier "ytsearch:Hope - The Chainsmokers"
2021-07-20 11:28:28.459  INFO 2624 --- [lava-daemon-pool-info-loader-2-thread-1] lavalink.server.player.AudioLoader       : Loaded playlist Search results for: Hope - The Chainsmokers
2021-07-20 11:28:28.481  INFO 2624 --- [XNIO-1 I/O-4] lavalink.server.io.SocketServer          : {"op": "voiceUpdate", "guildId": "765490568963948545", "sessionId": "c2dcf0d39fa3799654487e584b613efc", "event": {"token": "c0c12a3fd66e151c", "guild_id": "765490568963948545", "endpoint": "india2399.discord.media:443"}}
2021-07-20 11:28:29.078  INFO 2624 --- [XNIO-1 I/O-4] lavalink.server.io.SocketServer          : {"op": "volume", "guildId": "765490568963948545", "volume": 60}
2021-07-20 11:28:29.183  INFO 2624 --- [XNIO-1 I/O-4] lavalink.server.io.SocketServer          : {"op": "play", "guildId": "765490568963948545", "track": "QAAAngIANFRoZSBDaGFpbnNtb2tlcnMgLSBIb3BlIGZ0LiBXaW5vbmEgT2FrIChMeXJpYyBWaWRlbykAEFRoZSBDaGFpbnNtb2tlcnMAAAAAAAL10AALU0pPZ1RNUDhjczQAAQAraHR0cHM6Ly93d3cueW91dHViZS5jb20vd2F0Y2g/dj1TSk9nVE1QOGNzNAAHeW91dHViZQAAAAAAAAAA", "noReplace": false, "startTime": "0"}
2021-07-20 11:31:43.799  INFO 2624 --- [XNIO-1 I/O-4] lavalink.server.io.SocketServer          : {"op": "volume", "guildId": "765490568963948545", "volume": 60}
2021-07-20 11:36:07.384  INFO 2624 --- [XNIO-1 I/O-4] lavalink.server.io.SocketServer          : Connection closed from /127.0.0.1:62920 -- CloseStatus[code=1006, reason=]
2021-07-20 11:36:07.385  INFO 2624 --- [XNIO-1 I/O-4] lavalink.server.io.SocketContext         : Shutting down 0 playing players.
2021-07-20 11:36:23.782  INFO 2624 --- [XNIO-1 task-10] l.server.io.HandshakeInterceptorImpl     : Incoming connection from /127.0.0.1:56592
2021-07-20 11:36:23.791  INFO 2624 --- [XNIO-1 task-10] lavalink.server.io.SocketServer          : Connection successfully established from /127.0.0.1:56592
2021-07-20 11:37:18.126  INFO 2624 --- [XNIO-1 I/O-4] lavalink.server.io.SocketServer          : {"op": "voiceUpdate", "guildId": "848946804211843102", "sessionId": "1a88665599560643cc1e337857e65eab", "event": {"token": "ddc4ca7852b367a0", "guild_id": "848946804211843102", "endpoint": "india4547.discord.media:443"}}
2021-07-20 11:37:19.441  INFO 2624 --- [XNIO-1 I/O-4] lavalink.server.io.SocketServer          : {"op": "volume", "guildId": "848946804211843102", "volume": 60}
2021-07-20 11:39:53.067  INFO 2624 --- [XNIO-1 I/O-4] lavalink.server.io.SocketServer          : Connection closed from /127.0.0.1:56592 -- CloseStatus[code=1006, reason=]
2021-07-20 11:39:53.067  INFO 2624 --- [XNIO-1 I/O-4] lavalink.server.io.SocketContext         : Shutting down 0 playing players.
2021-07-20 11:40:01.641  INFO 2624 --- [XNIO-1 task-11] l.server.io.HandshakeInterceptorImpl     : Incoming connection from /127.0.0.1:61024
2021-07-20 11:40:01.645  INFO 2624 --- [XNIO-1 task-11] lavalink.server.io.SocketServer          : Connection successfully established from /127.0.0.1:61024
2021-07-20 11:40:14.183  INFO 2624 --- [XNIO-1 I/O-4] lavalink.server.io.SocketServer          : {"op": "voiceUpdate", "guildId": "848946804211843102", "sessionId": "404d44c96dce72429005cefad1a8399b", "event": {"token": "ddc4ca7852b367a0", "guild_id": "848946804211843102", "endpoint": "india4547.discord.media:443"}}
2021-07-20 11:40:14.933  INFO 2624 --- [XNIO-1 I/O-4] lavalink.server.io.SocketServer          : {"op": "volume", "guildId": "848946804211843102", "volume": 60}
2021-07-20 11:40:50.686  INFO 2624 --- [XNIO-1 I/O-4] lavalink.server.io.SocketServer          : Connection closed from /127.0.0.1:61024 -- CloseStatus[code=1006, reason=]
2021-07-20 11:40:50.686  INFO 2624 --- [XNIO-1 I/O-4] lavalink.server.io.SocketContext         : Shutting down 0 playing players.
2021-07-20 11:40:58.368  INFO 2624 --- [XNIO-1 task-12] l.server.io.HandshakeInterceptorImpl     : Incoming connection from /127.0.0.1:56458
2021-07-20 11:40:58.373  INFO 2624 --- [XNIO-1 task-12] lavalink.server.io.SocketServer          : Connection successfully established from /127.0.0.1:56458
2021-07-20 11:41:04.089  INFO 2624 --- [XNIO-1 I/O-2] lavalink.server.io.SocketServer          : {"op": "voiceUpdate", "guildId": "848946804211843102", "sessionId": "93e58593e6d72a5160f6dc6c72d7ec13", "event": {"token": "ddc4ca7852b367a0", "guild_id": "848946804211843102", "endpoint": "india4547.discord.media:443"}}
2021-07-20 11:41:04.712  INFO 2624 --- [XNIO-1 I/O-2] lavalink.server.io.SocketServer          : {"op": "volume", "guildId": "848946804211843102", "volume": 60}
2021-07-20 11:41:04.720  INFO 2624 --- [XNIO-1 task-13] l.server.player.AudioLoaderRestHandler   : Got request to load for identifier "ytsearch:Maniac Conan Gray audio"
2021-07-20 11:41:05.629  INFO 2624 --- [lava-daemon-pool-info-loader-2-thread-1] lavalink.server.player.AudioLoader       : Loaded playlist Search results for: Maniac Conan Gray audio
2021-07-20 11:41:05.656  INFO 2624 --- [XNIO-1 I/O-2] lavalink.server.io.SocketServer          : {"op": "play", "guildId": "848946804211843102", "track": "QAAAiAIAG01hbmlhYyAoQXVkaW8pIC0gQ29uYW4gR3JheQATZmFtaWx5bHlyaWNzY2hhbm5lbAAAAAAAAtaQAAtDYURRcDNHNXpjYwABACtodHRwczovL3d3dy55b3V0dWJlLmNvbS93YXRjaD92PUNhRFFwM0c1emNjAAd5b3V0dWJlAAAAAAAAAAA=", "noReplace": false, "startTime": "0"}
2021-07-20 11:43:26.223  INFO 2624 --- [XNIO-1 I/O-2] lavalink.server.io.SocketServer          : Connection closed from /127.0.0.1:56458 -- CloseStatus[code=1006, reason=]
2021-07-20 11:43:26.226  INFO 2624 --- [XNIO-1 I/O-2] lavalink.server.io.SocketContext         : Shutting down 1 playing players.
2021-07-20 11:43:44.358  INFO 2624 --- [XNIO-1 task-15] l.server.io.HandshakeInterceptorImpl     : Incoming connection from /127.0.0.1:56501
2021-07-20 11:43:44.363  INFO 2624 --- [XNIO-1 task-15] lavalink.server.io.SocketServer          : Connection successfully established from /127.0.0.1:56501
2021-07-20 11:43:53.192  INFO 2624 --- [XNIO-1 I/O-1] lavalink.server.io.SocketServer          : {"op": "voiceUpdate", "guildId": "848946804211843102", "sessionId": "bfac03badb4e6290ef318fdbd6ca46b9", "event": {"token": "ddc4ca7852b367a0", "guild_id": "848946804211843102", "endpoint": "india4547.discord.media:443"}}
2021-07-20 11:46:46.857  INFO 2624 --- [XNIO-1 I/O-1] lavalink.server.io.SocketServer          : Connection closed from /127.0.0.1:56501 -- CloseStatus[code=1006, reason=]
2021-07-20 11:46:46.858  INFO 2624 --- [XNIO-1 I/O-1] lavalink.server.io.SocketContext         : Shutting down 0 playing players.
2021-07-20 11:46:49.567  INFO 2624 --- [XNIO-1 task-16] l.server.io.HandshakeInterceptorImpl     : Incoming connection from /127.0.0.1:56598
2021-07-20 11:46:49.571  INFO 2624 --- [XNIO-1 task-16] lavalink.server.io.SocketServer          : Connection successfully established from /127.0.0.1:56598
2021-07-20 11:47:01.884  INFO 2624 --- [XNIO-1 I/O-2] lavalink.server.io.SocketServer          : {"op": "voiceUpdate", "guildId": "848946804211843102", "sessionId": "bec7f75ff58c16ae7b2efc28c14b3227", "event": {"token": "ddc4ca7852b367a0", "guild_id": "848946804211843102", "endpoint": "india4547.discord.media:443"}}
2021-07-20 11:47:02.643  INFO 2624 --- [XNIO-1 I/O-2] lavalink.server.io.SocketServer          : {"op": "volume", "guildId": "848946804211843102", "volume": 60}
2021-07-20 11:47:02.647  INFO 2624 --- [XNIO-1 task-17] l.server.player.AudioLoaderRestHandler   : Got request to load for identifier "ytsearch:Maniac Conan Gray audio"
2021-07-20 11:47:03.669  INFO 2624 --- [lava-daemon-pool-info-loader-2-thread-1] lavalink.server.player.AudioLoader       : Loaded playlist Search results for: Maniac Conan Gray audio
2021-07-20 11:47:03.745  INFO 2624 --- [XNIO-1 I/O-2] lavalink.server.io.SocketServer          : {"op": "play", "guildId": "848946804211843102", "track": "QAAAiAIAG01hbmlhYyAoQXVkaW8pIC0gQ29uYW4gR3JheQATZmFtaWx5bHlyaWNzY2hhbm5lbAAAAAAAAtaQAAtDYURRcDNHNXpjYwABACtodHRwczovL3d3dy55b3V0dWJlLmNvbS93YXRjaD92PUNhRFFwM0c1emNjAAd5b3V0dWJlAAAAAAAAAAA=", "noReplace": false, "startTime": "0"}
2021-07-20 11:48:25.981  INFO 2624 --- [XNIO-1 I/O-2] lavalink.server.io.SocketServer          : Connection closed from /127.0.0.1:56598 -- CloseStatus[code=1006, reason=]
2021-07-20 11:48:25.982  INFO 2624 --- [XNIO-1 I/O-2] lavalink.server.io.SocketContext         : Shutting down 1 playing players.
2021-07-20 11:48:34.554  INFO 2624 --- [XNIO-1 task-19] l.server.io.HandshakeInterceptorImpl     : Incoming connection from /127.0.0.1:56621
2021-07-20 11:48:34.559  INFO 2624 --- [XNIO-1 task-19] lavalink.server.io.SocketServer          : Connection successfully established from /127.0.0.1:56621
2021-07-20 11:48:54.534  INFO 2624 --- [XNIO-1 I/O-1] lavalink.server.io.SocketServer          : {"op": "voiceUpdate", "guildId": "848946804211843102", "sessionId": "31678c44b0c80dbb5e07b5ceb99c8fe5", "event": {"token": "ddc4ca7852b367a0", "guild_id": "848946804211843102", "endpoint": "india4547.discord.media:443"}}
2021-07-20 11:48:54.550  INFO 2624 --- [XNIO-1 I/O-1] lavalink.server.io.SocketServer          : {"op": "volume", "guildId": "848946804211843102", "volume": 60}
2021-07-20 11:48:54.554  INFO 2624 --- [XNIO-1 task-20] l.server.player.AudioLoaderRestHandler   : Got request to load for identifier "ytsearch:Maniac Conan Gray audio"
2021-07-20 11:48:55.445  INFO 2624 --- [lava-daemon-pool-info-loader-2-thread-1] lavalink.server.player.AudioLoader       : Loaded playlist Search results for: Maniac Conan Gray audio
2021-07-20 11:48:55.456  INFO 2624 --- [XNIO-1 I/O-1] lavalink.server.io.SocketServer          : {"op": "play", "guildId": "848946804211843102", "track": "QAAAiAIAG01hbmlhYyAoQXVkaW8pIC0gQ29uYW4gR3JheQATZmFtaWx5bHlyaWNzY2hhbm5lbAAAAAAAAtaQAAtDYURRcDNHNXpjYwABACtodHRwczovL3d3dy55b3V0dWJlLmNvbS93YXRjaD92PUNhRFFwM0c1emNjAAd5b3V0dWJlAAAAAAAAAAA=", "noReplace": false, "startTime": "0"}
2021-07-20 11:52:01.929  INFO 2624 --- [XNIO-1 I/O-1] lavalink.server.io.SocketServer          : {"op": "volume", "guildId": "848946804211843102", "volume": 60}
2021-07-20 11:52:01.937  INFO 2624 --- [XNIO-1 task-22] l.server.player.AudioLoaderRestHandler   : Got request to load for identifier "ytsearch:Umbrella Ember Island audio"
2021-07-20 11:52:02.795  INFO 2624 --- [lava-daemon-pool-info-loader-2-thread-1] lavalink.server.player.AudioLoader       : Loaded playlist Search results for: Umbrella Ember Island audio
2021-07-20 11:52:02.804  INFO 2624 --- [XNIO-1 I/O-1] lavalink.server.io.SocketServer          : {"op": "play", "guildId": "848946804211843102", "track": "QAAAlQIALkVtYmVyIElzbGFuZCAtIFVtYnJlbGxhIChMeXJpY3MgLyBMeXJpYyBWaWRlbykADURlc2lyZWQgTXVzaWMAAAAAAANrAAALMGJWV0dWS0NuRzAAAQAraHR0cHM6Ly93d3cueW91dHViZS5jb20vd2F0Y2g/dj0wYlZXR1ZLQ25HMAAHeW91dHViZQAAAAAAAAAA", "noReplace": false, "startTime": "0"}
2021-07-20 11:52:30.110  INFO 10772 --- [main] lavalink.server.Launcher                 : 

[32m       .  [31m _                  _ _       _    [32m__ _ _
[32m      /\\ [31m| | __ ___   ____ _| (_)_ __ | | __[32m\ \ \ \
[32m     ( ( )[31m| |/ _` \ \ / / _` | | | '_ \| |/ /[32m \ \ \ \
[32m      \\/ [31m| | (_| |\ V / (_| | | | | | |   < [32m  ) ) ) )
[32m       '  [31m|_|\__,_| \_/ \__,_|_|_|_| |_|_|\_\[32m / / / /
[0m    =========================================[32m/_/_/_/[0m

	Version:        3.3.2.5
	Build:          1222
	Build time:     11.04.2021 08:07:27 UTC
	Branch          master
	Commit:         7b914f2
	Commit time:    09.04.2021 17:14:27 UTC
	JVM:            11
	Lavaplayer      1.3.76

2021-07-20 11:52:30.253  INFO 10772 --- [main] lavalink.server.Launcher                 : Starting Launcher on vyom-PC with PID 10772 (C:\Users\Admin\atom_projects\new_discord_bot\Lavalink.jar started by Admin in C:\Users\Admin\atom_projects\new_discord_bot)
2021-07-20 11:52:30.255  INFO 10772 --- [main] lavalink.server.Launcher                 : No active profile set, falling back to default profiles: default
2021-07-20 11:52:30.511  WARN 10772 --- [background-preinit] o.s.h.c.j.Jackson2ObjectMapperBuilder    : For Jackson Kotlin classes support please add "com.fasterxml.jackson.module:jackson-module-kotlin" to the classpath
2021-07-20 11:52:32.070  WARN 10772 --- [main] io.undertow.websockets.jsr               : UT026010: Buffer pool was not set on WebSocketDeploymentInfo, the default pool will be used
2021-07-20 11:52:32.108  INFO 10772 --- [main] io.undertow.servlet                      : Initializing Spring embedded WebApplicationContext
2021-07-20 11:52:32.112  INFO 10772 --- [main] o.s.web.context.ContextLoader            : Root WebApplicationContext: initialization completed in 1762 ms
2021-07-20 11:52:32.550  WARN 10772 --- [main] l.server.config.SentryConfiguration      : Turning off sentry
2021-07-20 11:52:32.839  INFO 10772 --- [main] c.s.d.l.tools.GarbageCollectionMonitor   : GC monitoring enabled, reporting results every 2 minutes.
2021-07-20 11:52:33.052  INFO 10772 --- [main] lavalink.server.config.KoeConfiguration  : OS: Windows 10, Arch: amd64
2021-07-20 11:52:33.060  WARN 10772 --- [main] lavalink.server.config.KoeConfiguration  : This system and architecture appears to not support native audio sending! GC pauses may cause your bot to stutter during playback.
2021-07-20 11:52:33.586  INFO 10772 --- [main] o.s.s.concurrent.ThreadPoolTaskExecutor  : Initializing ExecutorService 'applicationTaskExecutor'
2021-07-20 11:52:34.034  INFO 10772 --- [main] org.xnio                                 : XNIO version 3.3.8.Final
2021-07-20 11:52:34.077  INFO 10772 --- [main] org.xnio.nio                             : XNIO NIO Implementation Version 3.3.8.Final
2021-07-20 11:52:34.161  INFO 10772 --- [main] o.s.b.w.e.u.UndertowServletWebServer     : Undertow started on port(s) 2333 (http) with context path ''
2021-07-20 11:52:34.173  INFO 10772 --- [main] lavalink.server.Launcher                 : Started Launcher in 4.711 seconds (JVM running for 5.392)
2021-07-20 11:52:34.176  INFO 10772 --- [main] lavalink.server.Launcher                 : You can safely ignore the big red warning about illegal reflection. See https://github.com/Frederikam/Lavalink/issues/295
2021-07-20 11:52:39.513  INFO 10772 --- [XNIO-1 task-1] io.undertow.servlet                      : Initializing Spring DispatcherServlet 'dispatcherServlet'
2021-07-20 11:52:39.514  INFO 10772 --- [XNIO-1 task-1] o.s.web.servlet.DispatcherServlet        : Initializing Servlet 'dispatcherServlet'
2021-07-20 11:52:39.524  INFO 10772 --- [XNIO-1 task-1] o.s.web.servlet.DispatcherServlet        : Completed initialization in 8 ms
2021-07-20 11:52:39.554  INFO 10772 --- [XNIO-1 task-1] l.server.io.HandshakeInterceptorImpl     : Incoming connection from /127.0.0.1:56682
2021-07-20 11:52:39.620  INFO 10772 --- [XNIO-1 task-1] lavalink.server.io.SocketServer          : Connection successfully established from /127.0.0.1:56682
2021-07-20 11:52:50.956  INFO 10772 --- [XNIO-1 I/O-2] lavalink.server.io.SocketServer          : {"op": "voiceUpdate", "guildId": "848946804211843102", "sessionId": "3f0ae7037661254704a91fc66013b726", "event": {"token": "ddc4ca7852b367a0", "guild_id": "848946804211843102", "endpoint": "india4547.discord.media:443"}}
2021-07-20 11:52:51.343  INFO 10772 --- [XNIO-1 I/O-2] lavalink.server.io.SocketServer          : {"op": "volume", "guildId": "848946804211843102", "volume": 60}
2021-07-20 11:53:25.661  INFO 10772 --- [XNIO-1 I/O-2] lavalink.server.io.SocketServer          : Connection closed from /127.0.0.1:56682 -- CloseStatus[code=1006, reason=]
2021-07-20 11:53:25.662  INFO 10772 --- [XNIO-1 I/O-2] lavalink.server.io.SocketContext         : Shutting down 0 playing players.
2021-07-20 11:53:34.218  INFO 10772 --- [XNIO-1 task-2] l.server.io.HandshakeInterceptorImpl     : Incoming connection from /127.0.0.1:49679
2021-07-20 11:53:34.221  INFO 10772 --- [XNIO-1 task-2] lavalink.server.io.SocketServer          : Connection successfully established from /127.0.0.1:49679
2021-07-20 11:53:38.385  INFO 10772 --- [XNIO-1 I/O-3] lavalink.server.io.SocketServer          : {"op": "voiceUpdate", "guildId": "848946804211843102", "sessionId": "972424a7084cb375364b6ea4040110ad", "event": {"token": "ddc4ca7852b367a0", "guild_id": "848946804211843102", "endpoint": "india4547.discord.media:443"}}
2021-07-20 11:53:39.048  INFO 10772 --- [XNIO-1 I/O-3] lavalink.server.io.SocketServer          : {"op": "volume", "guildId": "848946804211843102", "volume": 60}
2021-07-20 11:55:21.465  INFO 10772 --- [XNIO-1 I/O-3] lavalink.server.io.SocketServer          : Connection closed from /127.0.0.1:49679 -- CloseStatus[code=1006, reason=]
2021-07-20 11:55:21.466  INFO 10772 --- [XNIO-1 I/O-3] lavalink.server.io.SocketContext         : Shutting down 0 playing players.
2021-07-20 11:55:30.168  INFO 10772 --- [XNIO-1 task-3] l.server.io.HandshakeInterceptorImpl     : Incoming connection from /127.0.0.1:62353
2021-07-20 11:55:30.172  INFO 10772 --- [XNIO-1 task-3] lavalink.server.io.SocketServer          : Connection successfully established from /127.0.0.1:62353
2021-07-20 11:55:37.996  INFO 10772 --- [XNIO-1 I/O-1] lavalink.server.io.SocketServer          : {"op": "volume", "guildId": "848946804211843102", "volume": 60}
2021-07-20 11:55:38.029  INFO 10772 --- [XNIO-1 I/O-1] lavalink.server.io.SocketServer          : {"op": "voiceUpdate", "guildId": "848946804211843102", "sessionId": "097aad7d9e70d1480ba5bae4bf73d169", "event": {"token": "ddc4ca7852b367a0", "guild_id": "848946804211843102", "endpoint": "india4547.discord.media:443"}}
2021-07-20 11:55:38.044  INFO 10772 --- [XNIO-1 task-4] l.server.player.AudioLoaderRestHandler   : Got request to load for identifier "ytsearch:Maniac Conan Gray audio"
2021-07-20 11:55:39.382  INFO 10772 --- [lava-daemon-pool-info-loader-2-thread-1] lavalink.server.player.AudioLoader       : Loaded playlist Search results for: Maniac Conan Gray audio
2021-07-20 11:55:39.413  INFO 10772 --- [XNIO-1 I/O-1] lavalink.server.io.SocketServer          : {"op": "play", "guildId": "848946804211843102", "track": "QAAAiAIAG01hbmlhYyAoQXVkaW8pIC0gQ29uYW4gR3JheQATZmFtaWx5bHlyaWNzY2hhbm5lbAAAAAAAAtaQAAtDYURRcDNHNXpjYwABACtodHRwczovL3d3dy55b3V0dWJlLmNvbS93YXRjaD92PUNhRFFwM0c1emNjAAd5b3V0dWJlAAAAAAAAAAA=", "noReplace": false, "startTime": "0"}
2021-07-20 11:55:40.742  INFO 10772 --- [lava-daemon-pool-playback-1-thread-1] c.s.l.c.natives.NativeLibraryLoader      : Native library libmpg123-0: loading with filter com.sedmelluq.discord.lavaplayer.natives.ConnectorNativeLibLoader$$Lambda$536/0x00000001007ff040@75df948d
2021-07-20 11:55:40.777  INFO 10772 --- [lava-daemon-pool-playback-1-thread-1] c.s.l.c.natives.NativeLibraryLoader      : Native library libmpg123-0: successfully loaded.
2021-07-20 11:55:40.778  INFO 10772 --- [lava-daemon-pool-playback-1-thread-1] c.s.l.c.natives.NativeLibraryLoader      : Native library connector: loading with filter null
2021-07-20 11:55:40.836  INFO 10772 --- [lava-daemon-pool-playback-1-thread-1] c.s.l.c.natives.NativeLibraryLoader      : Native library connector: successfully loaded.
2021-07-20 11:58:46.748  INFO 10772 --- [XNIO-1 I/O-1] lavalink.server.io.SocketServer          : {"op": "volume", "guildId": "848946804211843102", "volume": 60}
2021-07-20 11:59:40.535  INFO 10772 --- [XNIO-1 I/O-1] lavalink.server.io.SocketServer          : Connection closed from /127.0.0.1:62353 -- CloseStatus[code=1006, reason=]
2021-07-20 11:59:40.536  INFO 10772 --- [XNIO-1 I/O-1] lavalink.server.io.SocketContext         : Shutting down 0 playing players.
2021-07-20 12:00:39.265  INFO 10636 --- [main] lavalink.server.Launcher                 : 

[32m       .  [31m _                  _ _       _    [32m__ _ _
[32m      /\\ [31m| | __ ___   ____ _| (_)_ __ | | __[32m\ \ \ \
[32m     ( ( )[31m| |/ _` \ \ / / _` | | | '_ \| |/ /[32m \ \ \ \
[32m      \\/ [31m| | (_| |\ V / (_| | | | | | |   < [32m  ) ) ) )
[32m       '  [31m|_|\__,_| \_/ \__,_|_|_|_| |_|_|\_\[32m / / / /
[0m    =========================================[32m/_/_/_/[0m

	Version:        3.3.2.5
	Build:          1222
	Build time:     11.04.2021 08:07:27 UTC
	Branch          master
	Commit:         7b914f2
	Commit time:    09.04.2021 17:14:27 UTC
	JVM:            11
	Lavaplayer      1.3.76

2021-07-20 12:00:39.405  INFO 10636 --- [main] lavalink.server.Launcher                 : Starting Launcher on vyom-PC with PID 10636 (C:\Users\Admin\atom_projects\new_discord_bot\Lavalink.jar started by Admin in C:\Users\Admin\atom_projects\new_discord_bot)
2021-07-20 12:00:39.406  INFO 10636 --- [main] lavalink.server.Launcher                 : No active profile set, falling back to default profiles: default
2021-07-20 12:00:39.637  WARN 10636 --- [background-preinit] o.s.h.c.j.Jackson2ObjectMapperBuilder    : For Jackson Kotlin classes support please add "com.fasterxml.jackson.module:jackson-module-kotlin" to the classpath
2021-07-20 12:00:41.454  WARN 10636 --- [main] io.undertow.websockets.jsr               : UT026010: Buffer pool was not set on WebSocketDeploymentInfo, the default pool will be used
2021-07-20 12:00:41.485  INFO 10636 --- [main] io.undertow.servlet                      : Initializing Spring embedded WebApplicationContext
2021-07-20 12:00:41.486  INFO 10636 --- [main] o.s.web.context.ContextLoader            : Root WebApplicationContext: initialization completed in 1951 ms
2021-07-20 12:00:41.988  WARN 10636 --- [main] l.server.config.SentryConfiguration      : Turning off sentry
2021-07-20 12:00:42.557  INFO 10636 --- [main] c.s.d.l.tools.GarbageCollectionMonitor   : GC monitoring enabled, reporting results every 2 minutes.
2021-07-20 12:00:42.789  INFO 10636 --- [main] lavalink.server.config.KoeConfiguration  : OS: Windows 10, Arch: amd64
2021-07-20 12:00:42.790  WARN 10636 --- [main] lavalink.server.config.KoeConfiguration  : This system and architecture appears to not support native audio sending! GC pauses may cause your bot to stutter during playback.
2021-07-20 12:00:43.184  INFO 10636 --- [main] o.s.s.concurrent.ThreadPoolTaskExecutor  : Initializing ExecutorService 'applicationTaskExecutor'
2021-07-20 12:00:43.702  INFO 10636 --- [main] org.xnio                                 : XNIO version 3.3.8.Final
2021-07-20 12:00:43.736  INFO 10636 --- [main] org.xnio.nio                             : XNIO NIO Implementation Version 3.3.8.Final
2021-07-20 12:00:43.854  INFO 10636 --- [main] o.s.b.w.e.u.UndertowServletWebServer     : Undertow started on port(s) 2333 (http) with context path ''
2021-07-20 12:00:43.873  INFO 10636 --- [main] lavalink.server.Launcher                 : Started Launcher in 5.363 seconds (JVM running for 5.968)
2021-07-20 12:00:43.878  INFO 10636 --- [main] lavalink.server.Launcher                 : You can safely ignore the big red warning about illegal reflection. See https://github.com/Frederikam/Lavalink/issues/295
2021-07-20 12:01:00.709  INFO 10636 --- [XNIO-1 task-1] io.undertow.servlet                      : Initializing Spring DispatcherServlet 'dispatcherServlet'
2021-07-20 12:01:00.710  INFO 10636 --- [XNIO-1 task-1] o.s.web.servlet.DispatcherServlet        : Initializing Servlet 'dispatcherServlet'
2021-07-20 12:01:00.722  INFO 10636 --- [XNIO-1 task-1] o.s.web.servlet.DispatcherServlet        : Completed initialization in 9 ms
2021-07-20 12:01:00.760  INFO 10636 --- [XNIO-1 task-1] l.server.io.HandshakeInterceptorImpl     : Incoming connection from /127.0.0.1:55455
2021-07-20 12:01:00.844  INFO 10636 --- [XNIO-1 task-1] lavalink.server.io.SocketServer          : Connection successfully established from /127.0.0.1:55455
2021-07-20 12:01:23.914  INFO 10636 --- [XNIO-1 I/O-3] lavalink.server.io.SocketServer          : {"op": "voiceUpdate", "guildId": "848946804211843102", "sessionId": "b87798c676bd39689e8eeafe017f2ded", "event": {"token": "cec7cd48be91f8b3", "guild_id": "848946804211843102", "endpoint": "india4547.discord.media:443"}}
2021-07-20 12:01:24.003  INFO 10636 --- [XNIO-1 task-2] l.server.player.AudioLoaderRestHandler   : Got request to load for identifier "ytsearch:Maniac Conan Gray audio"
2021-07-20 12:01:24.454  INFO 10636 --- [XNIO-1 I/O-3] lavalink.server.io.SocketServer          : {"op": "volume", "guildId": "848946804211843102", "volume": 60}
2021-07-20 12:01:25.327  INFO 10636 --- [lava-daemon-pool-info-loader-2-thread-1] lavalink.server.player.AudioLoader       : Loaded playlist Search results for: Maniac Conan Gray audio
2021-07-20 12:01:25.389  INFO 10636 --- [XNIO-1 I/O-3] lavalink.server.io.SocketServer          : {"op": "play", "guildId": "848946804211843102", "track": "QAAAiAIAG01hbmlhYyAoQXVkaW8pIC0gQ29uYW4gR3JheQATZmFtaWx5bHlyaWNzY2hhbm5lbAAAAAAAAtaQAAtDYURRcDNHNXpjYwABACtodHRwczovL3d3dy55b3V0dWJlLmNvbS93YXRjaD92PUNhRFFwM0c1emNjAAd5b3V0dWJlAAAAAAAAAAA=", "noReplace": false, "startTime": "0"}
2021-07-20 12:01:26.609  INFO 10636 --- [lava-daemon-pool-playback-1-thread-1] c.s.l.c.natives.NativeLibraryLoader      : Native library libmpg123-0: loading with filter com.sedmelluq.discord.lavaplayer.natives.ConnectorNativeLibLoader$$Lambda$536/0x00000001007f8440@7a286cdd
2021-07-20 12:01:26.643  INFO 10636 --- [lava-daemon-pool-playback-1-thread-1] c.s.l.c.natives.NativeLibraryLoader      : Native library libmpg123-0: successfully loaded.
2021-07-20 12:01:26.644  INFO 10636 --- [lava-daemon-pool-playback-1-thread-1] c.s.l.c.natives.NativeLibraryLoader      : Native library connector: loading with filter null
2021-07-20 12:01:26.713  INFO 10636 --- [lava-daemon-pool-playback-1-thread-1] c.s.l.c.natives.NativeLibraryLoader      : Native library connector: successfully loaded.
2021-07-20 12:01:42.863  INFO 10636 --- [XNIO-1 I/O-3] lavalink.server.io.SocketServer          : {"op": "stop", "guildId": "848946804211843102"}
2021-07-20 12:01:42.866  INFO 10636 --- [XNIO-1 I/O-3] lavalink.server.io.SocketServer          : {"op": "volume", "guildId": "848946804211843102", "volume": 60}
2021-07-20 12:01:42.872  INFO 10636 --- [XNIO-1 task-4] l.server.player.AudioLoaderRestHandler   : Got request to load for identifier "ytsearch:Umbrella Ember Island audio"
2021-07-20 12:01:43.696  INFO 10636 --- [lava-daemon-pool-info-loader-2-thread-1] lavalink.server.player.AudioLoader       : Loaded playlist Search results for: Umbrella Ember Island audio
2021-07-20 12:01:43.723  INFO 10636 --- [XNIO-1 I/O-3] lavalink.server.io.SocketServer          : {"op": "play", "guildId": "848946804211843102", "track": "QAAAlQIALkVtYmVyIElzbGFuZCAtIFVtYnJlbGxhIChMeXJpY3MgLyBMeXJpYyBWaWRlbykADURlc2lyZWQgTXVzaWMAAAAAAANrAAALMGJWV0dWS0NuRzAAAQAraHR0cHM6Ly93d3cueW91dHViZS5jb20vd2F0Y2g/dj0wYlZXR1ZLQ25HMAAHeW91dHViZQAAAAAAAAAA", "noReplace": false, "startTime": "0"}
2021-07-20 12:02:43.292  INFO 10636 --- [XNIO-1 I/O-3] lavalink.server.io.SocketServer          : Connection closed from /127.0.0.1:55455 -- CloseStatus[code=1006, reason=]
2021-07-20 12:02:43.293  INFO 10636 --- [XNIO-1 I/O-3] lavalink.server.io.SocketContext         : Shutting down 1 playing players.
2021-07-20 12:02:51.925  INFO 10636 --- [XNIO-1 task-6] l.server.io.HandshakeInterceptorImpl     : Incoming connection from /127.0.0.1:64141
2021-07-20 12:02:51.929  INFO 10636 --- [XNIO-1 task-6] lavalink.server.io.SocketServer          : Connection successfully established from /127.0.0.1:64141
2021-07-20 12:03:05.744  INFO 10636 --- [XNIO-1 I/O-1] lavalink.server.io.SocketServer          : {"op": "voiceUpdate", "guildId": "848946804211843102", "sessionId": "1ac1bdd20b862401cb10d2f7cd6fd953", "event": {"token": "cec7cd48be91f8b3", "guild_id": "848946804211843102", "endpoint": "india4547.discord.media:443"}}
2021-07-20 12:03:06.467  INFO 10636 --- [XNIO-1 I/O-1] lavalink.server.io.SocketServer          : {"op": "volume", "guildId": "848946804211843102", "volume": 60}
2021-07-20 12:03:06.473  INFO 10636 --- [XNIO-1 task-7] l.server.player.AudioLoaderRestHandler   : Got request to load for identifier "ytsearch:Maniac Conan Gray audio"
2021-07-20 12:03:07.298  INFO 10636 --- [lava-daemon-pool-info-loader-2-thread-1] lavalink.server.player.AudioLoader       : Loaded playlist Search results for: Maniac Conan Gray audio
2021-07-20 12:03:07.310  INFO 10636 --- [XNIO-1 I/O-1] lavalink.server.io.SocketServer          : {"op": "play", "guildId": "848946804211843102", "track": "QAAAiAIAG01hbmlhYyAoQXVkaW8pIC0gQ29uYW4gR3JheQATZmFtaWx5bHlyaWNzY2hhbm5lbAAAAAAAAtaQAAtDYURRcDNHNXpjYwABACtodHRwczovL3d3dy55b3V0dWJlLmNvbS93YXRjaD92PUNhRFFwM0c1emNjAAd5b3V0dWJlAAAAAAAAAAA=", "noReplace": false, "startTime": "0"}
2021-07-20 12:03:24.166  INFO 10636 --- [XNIO-1 I/O-1] lavalink.server.io.SocketServer          : Connection closed from /127.0.0.1:64141 -- CloseStatus[code=1006, reason=]
2021-07-20 12:03:24.167  INFO 10636 --- [XNIO-1 I/O-1] lavalink.server.io.SocketContext         : Shutting down 1 playing players.
2021-07-20 12:03:43.769  INFO 10636 --- [XNIO-1 task-9] l.server.io.HandshakeInterceptorImpl     : Incoming connection from /127.0.0.1:61072
2021-07-20 12:03:43.775  INFO 10636 --- [XNIO-1 task-9] lavalink.server.io.SocketServer          : Connection successfully established from /127.0.0.1:61072
2021-07-20 12:03:48.560  INFO 10636 --- [XNIO-1 I/O-4] lavalink.server.io.SocketServer          : {"op": "voiceUpdate", "guildId": "848946804211843102", "sessionId": "45b23da3d84a49577b887159f90fe3ac", "event": {"token": "cec7cd48be91f8b3", "guild_id": "848946804211843102", "endpoint": "india4547.discord.media:443"}}
2021-07-20 12:03:49.228  INFO 10636 --- [XNIO-1 I/O-4] lavalink.server.io.SocketServer          : {"op": "volume", "guildId": "848946804211843102", "volume": 60}
2021-07-20 12:03:49.233  INFO 10636 --- [XNIO-1 task-10] l.server.player.AudioLoaderRestHandler   : Got request to load for identifier "ytsearch:Maniac Conan Gray audio"
2021-07-20 12:03:50.074  INFO 10636 --- [lava-daemon-pool-info-loader-2-thread-1] lavalink.server.player.AudioLoader       : Loaded playlist Search results for: Maniac Conan Gray audio
2021-07-20 12:03:50.113  INFO 10636 --- [XNIO-1 I/O-4] lavalink.server.io.SocketServer          : {"op": "play", "guildId": "848946804211843102", "track": "QAAAiAIAG01hbmlhYyAoQXVkaW8pIC0gQ29uYW4gR3JheQATZmFtaWx5bHlyaWNzY2hhbm5lbAAAAAAAAtaQAAtDYURRcDNHNXpjYwABACtodHRwczovL3d3dy55b3V0dWJlLmNvbS93YXRjaD92PUNhRFFwM0c1emNjAAd5b3V0dWJlAAAAAAAAAAA=", "noReplace": false, "startTime": "0"}
2021-07-20 12:06:19.372  INFO 10636 --- [XNIO-1 I/O-4] lavalink.server.io.SocketServer          : {"op": "stop", "guildId": "848946804211843102"}
2021-07-20 12:06:19.376  INFO 10636 --- [XNIO-1 I/O-4] lavalink.server.io.SocketServer          : {"op": "volume", "guildId": "848946804211843102", "volume": 60}
2021-07-20 12:06:19.385  INFO 10636 --- [XNIO-1 task-12] l.server.player.AudioLoaderRestHandler   : Got request to load for identifier "ytsearch:Umbrella Ember Island audio"
2021-07-20 12:06:20.121  INFO 10636 --- [lava-daemon-pool-info-loader-2-thread-1] lavalink.server.player.AudioLoader       : Loaded playlist Search results for: Umbrella Ember Island audio
2021-07-20 12:06:20.145  INFO 10636 --- [XNIO-1 I/O-4] lavalink.server.io.SocketServer          : {"op": "play", "guildId": "848946804211843102", "track": "QAAAlQIALkVtYmVyIElzbGFuZCAtIFVtYnJlbGxhIChMeXJpY3MgLyBMeXJpYyBWaWRlbykADURlc2lyZWQgTXVzaWMAAAAAAANrAAALMGJWV0dWS0NuRzAAAQAraHR0cHM6Ly93d3cueW91dHViZS5jb20vd2F0Y2g/dj0wYlZXR1ZLQ25HMAAHeW91dHViZQAAAAAAAAAA", "noReplace": false, "startTime": "0"}
2021-07-20 12:06:28.795  INFO 10636 --- [XNIO-1 I/O-4] lavalink.server.io.SocketServer          : {"op": "stop", "guildId": "848946804211843102"}
2021-07-20 12:06:28.797  INFO 10636 --- [XNIO-1 I/O-4] lavalink.server.io.SocketServer          : {"op": "volume", "guildId": "848946804211843102", "volume": 60}
2021-07-20 12:06:28.801  INFO 10636 --- [XNIO-1 task-14] l.server.player.AudioLoaderRestHandler   : Got request to load for identifier "ytsearch:Maniac Conan Gray audio"
2021-07-20 12:06:29.667  INFO 10636 --- [lava-daemon-pool-info-loader-2-thread-1] lavalink.server.player.AudioLoader       : Loaded playlist Search results for: Maniac Conan Gray audio
2021-07-20 12:06:29.677  INFO 10636 --- [XNIO-1 I/O-4] lavalink.server.io.SocketServer          : {"op": "play", "guildId": "848946804211843102", "track": "QAAAiAIAG01hbmlhYyAoQXVkaW8pIC0gQ29uYW4gR3JheQATZmFtaWx5bHlyaWNzY2hhbm5lbAAAAAAAAtaQAAtDYURRcDNHNXpjYwABACtodHRwczovL3d3dy55b3V0dWJlLmNvbS93YXRjaD92PUNhRFFwM0c1emNjAAd5b3V0dWJlAAAAAAAAAAA=", "noReplace": false, "startTime": "0"}
2021-07-20 12:06:34.493  INFO 10636 --- [XNIO-1 I/O-4] lavalink.server.io.SocketServer          : {"op": "stop", "guildId": "848946804211843102"}
2021-07-20 12:06:34.496  INFO 10636 --- [XNIO-1 I/O-4] lavalink.server.io.SocketServer          : {"op": "volume", "guildId": "848946804211843102", "volume": 60}
2021-07-20 12:06:34.598  INFO 10636 --- [XNIO-1 I/O-4] lavalink.server.io.SocketServer          : {"op": "play", "guildId": "848946804211843102", "track": "QAAAlQIALkVtYmVyIElzbGFuZCAtIFVtYnJlbGxhIChMeXJpY3MgLyBMeXJpYyBWaWRlbykADURlc2lyZWQgTXVzaWMAAAAAAANrAAALMGJWV0dWS0NuRzAAAQAraHR0cHM6Ly93d3cueW91dHViZS5jb20vd2F0Y2g/dj0wYlZXR1ZLQ25HMAAHeW91dHViZQAAAAAAAAAA", "noReplace": false, "startTime": "0"}
